{"D:\\MyGitee\\class-assignments\\MVVM_Demo\\src\\MyCompile.ts": {"path":"D:\\MyGitee\\class-assignments\\MVVM_Demo\\src\\MyCompile.ts","statementMap":{"0":{"start":{"line":14,"column":8},"end":{"line":17,"column":24}},"1":{"start":{"line":15,"column":12},"end":{"line":15,"column":48}},"2":{"start":{"line":17,"column":12},"end":{"line":17,"column":24}},"3":{"start":{"line":19,"column":8},"end":{"line":19,"column":24}},"4":{"start":{"line":22,"column":8},"end":{"line":29,"column":9}},"5":{"start":{"line":24,"column":27},"end":{"line":24,"column":55}},"6":{"start":{"line":26,"column":12},"end":{"line":26,"column":34}},"7":{"start":{"line":28,"column":12},"end":{"line":28,"column":41}},"8":{"start":{"line":34,"column":51},"end":{"line":34,"column":70}},"9":{"start":{"line":35,"column":8},"end":{"line":50,"column":10}},"10":{"start":{"line":39,"column":12},"end":{"line":43,"column":13}},"11":{"start":{"line":40,"column":16},"end":{"line":40,"column":41}},"12":{"start":{"line":41,"column":18},"end":{"line":43,"column":13}},"13":{"start":{"line":42,"column":16},"end":{"line":42,"column":38}},"14":{"start":{"line":47,"column":12},"end":{"line":49,"column":13}},"15":{"start":{"line":48,"column":16},"end":{"line":48,"column":34}},"16":{"start":{"line":59,"column":25},"end":{"line":59,"column":40}},"17":{"start":{"line":61,"column":8},"end":{"line":87,"column":10}},"18":{"start":{"line":64,"column":27},"end":{"line":64,"column":40}},"19":{"start":{"line":65,"column":28},"end":{"line":65,"column":42}},"20":{"start":{"line":68,"column":12},"end":{"line":86,"column":13}},"21":{"start":{"line":69,"column":27},"end":{"line":69,"column":44}},"22":{"start":{"line":70,"column":16},"end":{"line":83,"column":17}},"23":{"start":{"line":72,"column":20},"end":{"line":72,"column":72}},"24":{"start":{"line":74,"column":20},"end":{"line":74,"column":66}},"25":{"start":{"line":75,"column":22},"end":{"line":83,"column":17}},"26":{"start":{"line":77,"column":20},"end":{"line":77,"column":74}},"27":{"start":{"line":79,"column":20},"end":{"line":79,"column":60}},"28":{"start":{"line":82,"column":20},"end":{"line":82,"column":73}},"29":{"start":{"line":85,"column":16},"end":{"line":85,"column":56}},"30":{"start":{"line":96,"column":22},"end":{"line":96,"column":38}},"31":{"start":{"line":99,"column":8},"end":{"line":106,"column":10}},"32":{"start":{"line":101,"column":16},"end":{"line":101,"column":30}},"33":{"start":{"line":104,"column":16},"end":{"line":104,"column":34}},"34":{"start":{"line":110,"column":17},"end":{"line":110,"column":33}},"35":{"start":{"line":112,"column":8},"end":{"line":146,"column":9}},"36":{"start":{"line":115,"column":29},"end":{"line":115,"column":46}},"37":{"start":{"line":117,"column":12},"end":{"line":145,"column":14}},"38":{"start":{"line":118,"column":27},"end":{"line":118,"column":74}},"39":{"start":{"line":121,"column":16},"end":{"line":121,"column":87}},"40":{"start":{"line":124,"column":27},"end":{"line":124,"column":46}},"41":{"start":{"line":125,"column":16},"end":{"line":128,"column":17}},"42":{"start":{"line":126,"column":20},"end":{"line":126,"column":48}},"43":{"start":{"line":127,"column":20},"end":{"line":127,"column":49}},"44":{"start":{"line":129,"column":16},"end":{"line":129,"column":39}},"45":{"start":{"line":132,"column":16},"end":{"line":144,"column":18}},"46":{"start":{"line":133,"column":38},"end":{"line":133,"column":56}},"47":{"start":{"line":134,"column":38},"end":{"line":134,"column":56}},"48":{"start":{"line":136,"column":20},"end":{"line":136,"column":95}},"49":{"start":{"line":138,"column":31},"end":{"line":138,"column":50}},"50":{"start":{"line":139,"column":20},"end":{"line":142,"column":21}},"51":{"start":{"line":140,"column":24},"end":{"line":140,"column":52}},"52":{"start":{"line":141,"column":24},"end":{"line":141,"column":53}},"53":{"start":{"line":143,"column":20},"end":{"line":143,"column":43}},"54":{"start":{"line":157,"column":23},"end":{"line":157,"column":56}},"55":{"start":{"line":159,"column":28},"end":{"line":159,"column":49}},"56":{"start":{"line":160,"column":8},"end":{"line":162,"column":10}},"57":{"start":{"line":161,"column":12},"end":{"line":161,"column":38}},"58":{"start":{"line":163,"column":8},"end":{"line":163,"column":23}},"59":{"start":{"line":172,"column":8},"end":{"line":172,"column":33}},"60":{"start":{"line":182,"column":18},"end":{"line":182,"column":22}},"61":{"start":{"line":183,"column":8},"end":{"line":183,"column":39}},"62":{"start":{"line":191,"column":8},"end":{"line":191,"column":46}},"63":{"start":{"line":199,"column":8},"end":{"line":199,"column":48}},"64":{"start":{"line":207,"column":8},"end":{"line":207,"column":37}},"65":{"start":{"line":215,"column":8},"end":{"line":215,"column":37}}},"fnMap":{"0":{"name":"(anonymous_0)","decl":{"start":{"line":12,"column":4},"end":{"line":12,"column":5}},"loc":{"start":{"line":12,"column":62},"end":{"line":30,"column":5}},"line":12},"1":{"name":"(anonymous_1)","decl":{"start":{"line":33,"column":4},"end":{"line":33,"column":5}},"loc":{"start":{"line":33,"column":39},"end":{"line":51,"column":5}},"line":33},"2":{"name":"(anonymous_2)","decl":{"start":{"line":35,"column":44},"end":{"line":35,"column":45}},"loc":{"start":{"line":35,"column":59},"end":{"line":50,"column":9}},"line":35},"3":{"name":"(anonymous_3)","decl":{"start":{"line":57,"column":4},"end":{"line":57,"column":5}},"loc":{"start":{"line":57,"column":29},"end":{"line":88,"column":5}},"line":57},"4":{"name":"(anonymous_4)","decl":{"start":{"line":61,"column":41},"end":{"line":61,"column":42}},"loc":{"start":{"line":61,"column":56},"end":{"line":87,"column":9}},"line":61},"5":{"name":"(anonymous_5)","decl":{"start":{"line":94,"column":4},"end":{"line":94,"column":5}},"loc":{"start":{"line":94,"column":26},"end":{"line":147,"column":5}},"line":94},"6":{"name":"(anonymous_6)","decl":{"start":{"line":100,"column":12},"end":{"line":100,"column":13}},"loc":{"start":{"line":100,"column":17},"end":{"line":102,"column":13}},"line":100},"7":{"name":"(anonymous_7)","decl":{"start":{"line":103,"column":12},"end":{"line":103,"column":13}},"loc":{"start":{"line":103,"column":25},"end":{"line":105,"column":13}},"line":103},"8":{"name":"(anonymous_8)","decl":{"start":{"line":117,"column":31},"end":{"line":117,"column":32}},"loc":{"start":{"line":117,"column":49},"end":{"line":145,"column":13}},"line":117},"9":{"name":"(anonymous_9)","decl":{"start":{"line":132,"column":70},"end":{"line":132,"column":71}},"loc":{"start":{"line":132,"column":110},"end":{"line":144,"column":17}},"line":132},"10":{"name":"(anonymous_10)","decl":{"start":{"line":156,"column":4},"end":{"line":156,"column":5}},"loc":{"start":{"line":156,"column":35},"end":{"line":164,"column":5}},"line":156},"11":{"name":"(anonymous_11)","decl":{"start":{"line":160,"column":44},"end":{"line":160,"column":45}},"loc":{"start":{"line":160,"column":52},"end":{"line":162,"column":9}},"line":160},"12":{"name":"(anonymous_12)","decl":{"start":{"line":171,"column":4},"end":{"line":171,"column":5}},"loc":{"start":{"line":171,"column":39},"end":{"line":173,"column":5}},"line":171},"13":{"name":"(anonymous_13)","decl":{"start":{"line":180,"column":4},"end":{"line":180,"column":5}},"loc":{"start":{"line":180,"column":35},"end":{"line":184,"column":5}},"line":180},"14":{"name":"(anonymous_14)","decl":{"start":{"line":190,"column":4},"end":{"line":190,"column":5}},"loc":{"start":{"line":190,"column":40},"end":{"line":192,"column":5}},"line":190},"15":{"name":"(anonymous_15)","decl":{"start":{"line":198,"column":4},"end":{"line":198,"column":5}},"loc":{"start":{"line":198,"column":39},"end":{"line":200,"column":5}},"line":198},"16":{"name":"(anonymous_16)","decl":{"start":{"line":206,"column":4},"end":{"line":206,"column":5}},"loc":{"start":{"line":206,"column":34},"end":{"line":208,"column":5}},"line":206},"17":{"name":"(anonymous_17)","decl":{"start":{"line":214,"column":4},"end":{"line":214,"column":5}},"loc":{"start":{"line":214,"column":33},"end":{"line":216,"column":5}},"line":214}},"branchMap":{"0":{"loc":{"start":{"line":14,"column":8},"end":{"line":17,"column":24}},"type":"if","locations":[{"start":{"line":14,"column":8},"end":{"line":17,"column":24}},{"start":{"line":17,"column":12},"end":{"line":17,"column":24}}],"line":14},"1":{"loc":{"start":{"line":22,"column":8},"end":{"line":29,"column":9}},"type":"if","locations":[{"start":{"line":22,"column":8},"end":{"line":29,"column":9}},{"start":{},"end":{}}],"line":22},"2":{"loc":{"start":{"line":39,"column":12},"end":{"line":43,"column":13}},"type":"if","locations":[{"start":{"line":39,"column":12},"end":{"line":43,"column":13}},{"start":{"line":41,"column":18},"end":{"line":43,"column":13}}],"line":39},"3":{"loc":{"start":{"line":41,"column":18},"end":{"line":43,"column":13}},"type":"if","locations":[{"start":{"line":41,"column":18},"end":{"line":43,"column":13}},{"start":{},"end":{}}],"line":41},"4":{"loc":{"start":{"line":47,"column":12},"end":{"line":49,"column":13}},"type":"if","locations":[{"start":{"line":47,"column":12},"end":{"line":49,"column":13}},{"start":{},"end":{}}],"line":47},"5":{"loc":{"start":{"line":47,"column":15},"end":{"line":47,"column":59}},"type":"binary-expr","locations":[{"start":{"line":47,"column":15},"end":{"line":47,"column":30}},{"start":{"line":47,"column":34},"end":{"line":47,"column":59}}],"line":47},"6":{"loc":{"start":{"line":68,"column":12},"end":{"line":86,"column":13}},"type":"if","locations":[{"start":{"line":68,"column":12},"end":{"line":86,"column":13}},{"start":{},"end":{}}],"line":68},"7":{"loc":{"start":{"line":70,"column":16},"end":{"line":83,"column":17}},"type":"if","locations":[{"start":{"line":70,"column":16},"end":{"line":83,"column":17}},{"start":{"line":75,"column":22},"end":{"line":83,"column":17}}],"line":70},"8":{"loc":{"start":{"line":75,"column":22},"end":{"line":83,"column":17}},"type":"if","locations":[{"start":{"line":75,"column":22},"end":{"line":83,"column":17}},{"start":{"line":80,"column":21},"end":{"line":83,"column":17}}],"line":75},"9":{"loc":{"start":{"line":112,"column":8},"end":{"line":146,"column":9}},"type":"if","locations":[{"start":{"line":112,"column":8},"end":{"line":146,"column":9}},{"start":{},"end":{}}],"line":112},"10":{"loc":{"start":{"line":125,"column":22},"end":{"line":125,"column":76}},"type":"binary-expr","locations":[{"start":{"line":125,"column":22},"end":{"line":125,"column":47}},{"start":{"line":125,"column":51},"end":{"line":125,"column":76}}],"line":125},"11":{"loc":{"start":{"line":139,"column":26},"end":{"line":139,"column":80}},"type":"binary-expr","locations":[{"start":{"line":139,"column":26},"end":{"line":139,"column":51}},{"start":{"line":139,"column":55},"end":{"line":139,"column":80}}],"line":139}},"s":{"0":14,"1":3,"2":11,"3":14,"4":14,"5":1,"6":1,"7":1,"8":3,"9":3,"10":4,"11":2,"12":2,"13":2,"14":4,"15":2,"16":10,"17":10,"18":9,"19":9,"20":9,"21":9,"22":9,"23":1,"24":1,"25":8,"26":2,"27":2,"28":6,"29":9,"30":4,"31":4,"32":8,"33":4,"34":4,"35":4,"36":3,"37":3,"38":3,"39":3,"40":3,"41":3,"42":3,"43":3,"44":3,"45":3,"46":1,"47":1,"48":1,"49":1,"50":1,"51":1,"52":1,"53":1,"54":1,"55":1,"56":1,"57":2,"58":1,"59":14,"60":9,"61":9,"62":9,"63":8,"64":1,"65":2},"f":{"0":14,"1":3,"2":4,"3":10,"4":9,"5":4,"6":8,"7":4,"8":3,"9":1,"10":1,"11":2,"12":14,"13":9,"14":9,"15":8,"16":1,"17":2},"b":{"0":[3,11],"1":[1,13],"2":[2,2],"3":[2,0],"4":[2,2],"5":[4,4],"6":[9,0],"7":[1,8],"8":[2,6],"9":[3,1],"10":[6,3],"11":[2,1]},"_coverageSchema":"1a1c01bbd47fc00a2c39e90264f33305004495a9","hash":"74846ee008a3f768ade794cc33d984498ea688bb"}
,"D:\\MyGitee\\class-assignments\\MVVM_Demo\\src\\MyMVVM.ts": {"path":"D:\\MyGitee\\class-assignments\\MVVM_Demo\\src\\MyMVVM.ts","statementMap":{"0":{"start":{"line":17,"column":8},"end":{"line":17,"column":29}},"1":{"start":{"line":18,"column":8},"end":{"line":18,"column":33}},"2":{"start":{"line":19,"column":8},"end":{"line":19,"column":39}},"3":{"start":{"line":21,"column":8},"end":{"line":26,"column":9}},"4":{"start":{"line":23,"column":12},"end":{"line":23,"column":55}},"5":{"start":{"line":25,"column":12},"end":{"line":25,"column":34}},"6":{"start":{"line":29,"column":8},"end":{"line":32,"column":9}},"7":{"start":{"line":31,"column":12},"end":{"line":31,"column":57}},"8":{"start":{"line":37,"column":8},"end":{"line":50,"column":10}},"9":{"start":{"line":38,"column":12},"end":{"line":49,"column":14}},"10":{"start":{"line":42,"column":20},"end":{"line":42,"column":36}},"11":{"start":{"line":45,"column":20},"end":{"line":47,"column":21}},"12":{"start":{"line":46,"column":24},"end":{"line":46,"column":44}},"13":{"start":{"line":54,"column":0},"end":{"line":58,"column":2}},"14":{"start":{"line":57,"column":10},"end":{"line":57,"column":23}}},"fnMap":{"0":{"name":"(anonymous_0)","decl":{"start":{"line":15,"column":4},"end":{"line":15,"column":5}},"loc":{"start":{"line":15,"column":90},"end":{"line":33,"column":5}},"line":15},"1":{"name":"(anonymous_1)","decl":{"start":{"line":36,"column":4},"end":{"line":36,"column":5}},"loc":{"start":{"line":36,"column":21},"end":{"line":51,"column":5}},"line":36},"2":{"name":"(anonymous_2)","decl":{"start":{"line":37,"column":34},"end":{"line":37,"column":35}},"loc":{"start":{"line":37,"column":41},"end":{"line":50,"column":9}},"line":37},"3":{"name":"(anonymous_3)","decl":{"start":{"line":41,"column":16},"end":{"line":41,"column":17}},"loc":{"start":{"line":41,"column":22},"end":{"line":43,"column":17}},"line":41},"4":{"name":"(anonymous_4)","decl":{"start":{"line":44,"column":16},"end":{"line":44,"column":17}},"loc":{"start":{"line":44,"column":30},"end":{"line":48,"column":17}},"line":44},"5":{"name":"(anonymous_5)","decl":{"start":{"line":57,"column":4},"end":{"line":57,"column":5}},"loc":{"start":{"line":57,"column":9},"end":{"line":57,"column":24}},"line":57}},"branchMap":{"0":{"loc":{"start":{"line":21,"column":8},"end":{"line":26,"column":9}},"type":"if","locations":[{"start":{"line":21,"column":8},"end":{"line":26,"column":9}},{"start":{},"end":{}}],"line":21},"1":{"loc":{"start":{"line":29,"column":8},"end":{"line":32,"column":9}},"type":"if","locations":[{"start":{"line":29,"column":8},"end":{"line":32,"column":9}},{"start":{},"end":{}}],"line":29},"2":{"loc":{"start":{"line":45,"column":20},"end":{"line":47,"column":21}},"type":"if","locations":[{"start":{"line":45,"column":20},"end":{"line":47,"column":21}},{"start":{},"end":{}}],"line":45}},"s":{"0":14,"1":14,"2":14,"3":14,"4":3,"5":3,"6":14,"7":3,"8":3,"9":3,"10":1,"11":2,"12":1,"13":4,"14":0},"f":{"0":14,"1":3,"2":3,"3":1,"4":2,"5":0},"b":{"0":[3,11],"1":[3,11],"2":[1,1]},"_coverageSchema":"1a1c01bbd47fc00a2c39e90264f33305004495a9","hash":"6cefffa8faf6b15f70e3e963178b02d76263d1ad"}
,"D:\\MyGitee\\class-assignments\\MVVM_Demo\\src\\MyObserver.ts": {"path":"D:\\MyGitee\\class-assignments\\MVVM_Demo\\src\\MyObserver.ts","statementMap":{"0":{"start":{"line":13,"column":8},"end":{"line":13,"column":24}},"1":{"start":{"line":15,"column":8},"end":{"line":15,"column":31}},"2":{"start":{"line":21,"column":8},"end":{"line":23,"column":9}},"3":{"start":{"line":22,"column":12},"end":{"line":22,"column":18}},"4":{"start":{"line":26,"column":8},"end":{"line":30,"column":10}},"5":{"start":{"line":27,"column":12},"end":{"line":27,"column":53}},"6":{"start":{"line":29,"column":12},"end":{"line":29,"column":35}},"7":{"start":{"line":36,"column":20},"end":{"line":36,"column":24}},"8":{"start":{"line":38,"column":18},"end":{"line":38,"column":34}},"9":{"start":{"line":40,"column":8},"end":{"line":58,"column":10}},"10":{"start":{"line":45,"column":16},"end":{"line":45,"column":66}},"11":{"start":{"line":46,"column":16},"end":{"line":46,"column":28}},"12":{"start":{"line":49,"column":16},"end":{"line":49,"column":32}},"13":{"start":{"line":53,"column":16},"end":{"line":53,"column":38}},"14":{"start":{"line":56,"column":16},"end":{"line":56,"column":32}}},"fnMap":{"0":{"name":"(anonymous_0)","decl":{"start":{"line":12,"column":4},"end":{"line":12,"column":5}},"loc":{"start":{"line":12,"column":27},"end":{"line":16,"column":5}},"line":12},"1":{"name":"(anonymous_1)","decl":{"start":{"line":19,"column":4},"end":{"line":19,"column":5}},"loc":{"start":{"line":19,"column":22},"end":{"line":31,"column":5}},"line":19},"2":{"name":"(anonymous_2)","decl":{"start":{"line":26,"column":34},"end":{"line":26,"column":35}},"loc":{"start":{"line":26,"column":41},"end":{"line":30,"column":9}},"line":26},"3":{"name":"(anonymous_3)","decl":{"start":{"line":34,"column":4},"end":{"line":34,"column":5}},"loc":{"start":{"line":34,"column":77},"end":{"line":59,"column":5}},"line":34},"4":{"name":"(anonymous_4)","decl":{"start":{"line":43,"column":12},"end":{"line":43,"column":13}},"loc":{"start":{"line":43,"column":17},"end":{"line":47,"column":13}},"line":43},"5":{"name":"(anonymous_5)","decl":{"start":{"line":48,"column":12},"end":{"line":48,"column":13}},"loc":{"start":{"line":48,"column":25},"end":{"line":57,"column":13}},"line":48}},"branchMap":{"0":{"loc":{"start":{"line":21,"column":8},"end":{"line":23,"column":9}},"type":"if","locations":[{"start":{"line":21,"column":8},"end":{"line":23,"column":9}},{"start":{},"end":{}}],"line":21},"1":{"loc":{"start":{"line":21,"column":11},"end":{"line":21,"column":43}},"type":"binary-expr","locations":[{"start":{"line":21,"column":11},"end":{"line":21,"column":16}},{"start":{"line":21,"column":20},"end":{"line":21,"column":43}}],"line":21},"2":{"loc":{"start":{"line":45,"column":16},"end":{"line":45,"column":66}},"type":"binary-expr","locations":[{"start":{"line":45,"column":16},"end":{"line":45,"column":33}},{"start":{"line":45,"column":37},"end":{"line":45,"column":66}}],"line":45}},"s":{"0":9,"1":9,"2":31,"3":20,"4":11,"5":13,"6":13,"7":13,"8":13,"9":13,"10":85,"11":85,"12":9,"13":9,"14":9},"f":{"0":9,"1":31,"2":13,"3":13,"4":85,"5":9},"b":{"0":[20,11],"1":[31,31],"2":[85,10]},"_coverageSchema":"1a1c01bbd47fc00a2c39e90264f33305004495a9","hash":"d8e57a5be7e2607b94e8bec80f41eb1c890a24a6"}
,"D:\\MyGitee\\class-assignments\\MVVM_Demo\\src\\MyWatcher.ts": {"path":"D:\\MyGitee\\class-assignments\\MVVM_Demo\\src\\MyWatcher.ts","statementMap":{"0":{"start":{"line":19,"column":8},"end":{"line":19,"column":24}},"1":{"start":{"line":20,"column":8},"end":{"line":20,"column":24}},"2":{"start":{"line":21,"column":8},"end":{"line":21,"column":32}},"3":{"start":{"line":24,"column":8},"end":{"line":24,"column":32}},"4":{"start":{"line":29,"column":8},"end":{"line":29,"column":43}},"5":{"start":{"line":33,"column":8},"end":{"line":33,"column":33}},"6":{"start":{"line":40,"column":23},"end":{"line":40,"column":36}},"7":{"start":{"line":41,"column":23},"end":{"line":41,"column":52}},"8":{"start":{"line":43,"column":8},"end":{"line":45,"column":9}},"9":{"start":{"line":44,"column":12},"end":{"line":44,"column":45}},"10":{"start":{"line":48,"column":8},"end":{"line":48,"column":32}},"11":{"start":{"line":62,"column":8},"end":{"line":62,"column":29}},"12":{"start":{"line":67,"column":8},"end":{"line":67,"column":38}},"13":{"start":{"line":73,"column":8},"end":{"line":75,"column":10}},"14":{"start":{"line":74,"column":12},"end":{"line":74,"column":24}}},"fnMap":{"0":{"name":"(anonymous_0)","decl":{"start":{"line":18,"column":4},"end":{"line":18,"column":5}},"loc":{"start":{"line":18,"column":56},"end":{"line":34,"column":5}},"line":18},"1":{"name":"(anonymous_1)","decl":{"start":{"line":38,"column":4},"end":{"line":38,"column":5}},"loc":{"start":{"line":38,"column":12},"end":{"line":49,"column":5}},"line":38},"2":{"name":"(anonymous_2)","decl":{"start":{"line":60,"column":4},"end":{"line":60,"column":5}},"loc":{"start":{"line":60,"column":18},"end":{"line":63,"column":5}},"line":60},"3":{"name":"(anonymous_3)","decl":{"start":{"line":66,"column":4},"end":{"line":66,"column":5}},"loc":{"start":{"line":66,"column":30},"end":{"line":68,"column":5}},"line":66},"4":{"name":"(anonymous_4)","decl":{"start":{"line":71,"column":4},"end":{"line":71,"column":5}},"loc":{"start":{"line":71,"column":16},"end":{"line":76,"column":5}},"line":71},"5":{"name":"(anonymous_5)","decl":{"start":{"line":73,"column":33},"end":{"line":73,"column":34}},"loc":{"start":{"line":73,"column":40},"end":{"line":75,"column":9}},"line":73}},"branchMap":{"0":{"loc":{"start":{"line":43,"column":8},"end":{"line":45,"column":9}},"type":"if","locations":[{"start":{"line":43,"column":8},"end":{"line":45,"column":9}},{"start":{},"end":{}}],"line":43}},"s":{"0":11,"1":11,"2":11,"3":11,"4":11,"5":11,"6":10,"7":10,"8":10,"9":5,"10":10,"11":13,"12":10,"13":9,"14":10},"f":{"0":11,"1":10,"2":13,"3":10,"4":9,"5":10},"b":{"0":[5,5]},"_coverageSchema":"1a1c01bbd47fc00a2c39e90264f33305004495a9","hash":"9414f54af0ebf2e524a2e6b5a954049aa7a99992"}
,"D:\\MyGitee\\class-assignments\\MVVM_Demo\\src\\util.ts": {"path":"D:\\MyGitee\\class-assignments\\MVVM_Demo\\src\\util.ts","statementMap":{"0":{"start":{"line":9,"column":15},"end":{"line":9,"column":25}},"1":{"start":{"line":10,"column":15},"end":{"line":10,"column":30}},"2":{"start":{"line":11,"column":4},"end":{"line":16,"column":5}},"3":{"start":{"line":12,"column":8},"end":{"line":15,"column":28}},"4":{"start":{"line":13,"column":12},"end":{"line":13,"column":21}},"5":{"start":{"line":15,"column":12},"end":{"line":15,"column":28}},"6":{"start":{"line":17,"column":4},"end":{"line":17,"column":15}},"7":{"start":{"line":28,"column":15},"end":{"line":28,"column":25}},"8":{"start":{"line":29,"column":14},"end":{"line":29,"column":29}},"9":{"start":{"line":31,"column":4},"end":{"line":38,"column":6}},"10":{"start":{"line":32,"column":8},"end":{"line":37,"column":9}},"11":{"start":{"line":33,"column":12},"end":{"line":33,"column":29}},"12":{"start":{"line":36,"column":12},"end":{"line":36,"column":30}}},"fnMap":{"0":{"name":"getData","decl":{"start":{"line":6,"column":16},"end":{"line":6,"column":23}},"loc":{"start":{"line":6,"column":47},"end":{"line":18,"column":1}},"line":6},"1":{"name":"setData","decl":{"start":{"line":27,"column":16},"end":{"line":27,"column":23}},"loc":{"start":{"line":27,"column":57},"end":{"line":39,"column":1}},"line":27},"2":{"name":"(anonymous_2)","decl":{"start":{"line":31,"column":16},"end":{"line":31,"column":17}},"loc":{"start":{"line":31,"column":47},"end":{"line":38,"column":5}},"line":31}},"branchMap":{"0":{"loc":{"start":{"line":12,"column":8},"end":{"line":15,"column":28}},"type":"if","locations":[{"start":{"line":12,"column":8},"end":{"line":15,"column":28}},{"start":{"line":15,"column":12},"end":{"line":15,"column":28}}],"line":12},"1":{"loc":{"start":{"line":32,"column":8},"end":{"line":37,"column":9}},"type":"if","locations":[{"start":{"line":32,"column":8},"end":{"line":37,"column":9}},{"start":{"line":34,"column":13},"end":{"line":37,"column":9}}],"line":32}},"s":{"0":35,"1":35,"2":35,"3":38,"4":1,"5":37,"6":34,"7":3,"8":3,"9":3,"10":5,"11":2,"12":3},"f":{"0":35,"1":3,"2":5},"b":{"0":[1,37],"1":[2,3]},"_coverageSchema":"1a1c01bbd47fc00a2c39e90264f33305004495a9","hash":"578c8a245e5363d853affe8344cc4b78d0ea962d"}
,"D:\\MyGitee\\class-assignments\\MVVM_Demo\\src\\InstructionParser\\InstructionParserFactory.ts": {"path":"D:\\MyGitee\\class-assignments\\MVVM_Demo\\src\\InstructionParser\\InstructionParserFactory.ts","statementMap":{"0":{"start":{"line":16,"column":8},"end":{"line":27,"column":9}},"1":{"start":{"line":18,"column":16},"end":{"line":18,"column":51}},"2":{"start":{"line":20,"column":16},"end":{"line":20,"column":51}},"3":{"start":{"line":22,"column":16},"end":{"line":22,"column":52}},"4":{"start":{"line":24,"column":16},"end":{"line":24,"column":49}},"5":{"start":{"line":26,"column":16},"end":{"line":26,"column":51}}},"fnMap":{"0":{"name":"(anonymous_0)","decl":{"start":{"line":15,"column":4},"end":{"line":15,"column":5}},"loc":{"start":{"line":15,"column":67},"end":{"line":28,"column":5}},"line":15}},"branchMap":{"0":{"loc":{"start":{"line":16,"column":8},"end":{"line":27,"column":9}},"type":"switch","locations":[{"start":{"line":17,"column":12},"end":{"line":18,"column":51}},{"start":{"line":19,"column":12},"end":{"line":20,"column":51}},{"start":{"line":21,"column":12},"end":{"line":22,"column":52}},{"start":{"line":23,"column":12},"end":{"line":24,"column":49}},{"start":{"line":25,"column":12},"end":{"line":26,"column":51}}],"line":16}},"s":{"0":9,"1":3,"2":2,"3":1,"4":1,"5":2},"f":{"0":9},"b":{"0":[3,2,1,1,2]},"_coverageSchema":"1a1c01bbd47fc00a2c39e90264f33305004495a9","hash":"a1f64c93c925403ea753c5c209ab7ed33362e07c"}
,"D:\\MyGitee\\class-assignments\\MVVM_Demo\\src\\InstructionParser\\Impl\\BindInstructionParser.ts": {"path":"D:\\MyGitee\\class-assignments\\MVVM_Demo\\src\\InstructionParser\\Impl\\BindInstructionParser.ts","statementMap":{"0":{"start":{"line":10,"column":19},"end":{"line":10,"column":38}},"1":{"start":{"line":12,"column":8},"end":{"line":12,"column":42}},"2":{"start":{"line":15,"column":8},"end":{"line":17,"column":10}},"3":{"start":{"line":16,"column":12},"end":{"line":16,"column":50}}},"fnMap":{"0":{"name":"(anonymous_0)","decl":{"start":{"line":9,"column":4},"end":{"line":9,"column":5}},"loc":{"start":{"line":9,"column":52},"end":{"line":19,"column":5}},"line":9},"1":{"name":"(anonymous_1)","decl":{"start":{"line":15,"column":34},"end":{"line":15,"column":35}},"loc":{"start":{"line":15,"column":67},"end":{"line":17,"column":9}},"line":15}},"branchMap":{},"s":{"0":2,"1":2,"2":2,"3":1},"f":{"0":2,"1":1},"b":{},"_coverageSchema":"1a1c01bbd47fc00a2c39e90264f33305004495a9","hash":"d406b6e539550ab93e6d02d73986961f485a7a2c"}
,"D:\\MyGitee\\class-assignments\\MVVM_Demo\\src\\InstructionParser\\Impl\\HtmlInstructionParser.ts": {"path":"D:\\MyGitee\\class-assignments\\MVVM_Demo\\src\\InstructionParser\\Impl\\HtmlInstructionParser.ts","statementMap":{"0":{"start":{"line":7,"column":8},"end":{"line":7,"column":44}},"1":{"start":{"line":9,"column":8},"end":{"line":11,"column":10}},"2":{"start":{"line":10,"column":12},"end":{"line":10,"column":37}}},"fnMap":{"0":{"name":"(anonymous_0)","decl":{"start":{"line":6,"column":4},"end":{"line":6,"column":5}},"loc":{"start":{"line":6,"column":52},"end":{"line":12,"column":5}},"line":6},"1":{"name":"(anonymous_1)","decl":{"start":{"line":9,"column":34},"end":{"line":9,"column":35}},"loc":{"start":{"line":9,"column":68},"end":{"line":11,"column":9}},"line":9}},"branchMap":{},"s":{"0":2,"1":2,"2":1},"f":{"0":2,"1":1},"b":{},"_coverageSchema":"1a1c01bbd47fc00a2c39e90264f33305004495a9","hash":"a89183b3f7ae31c1678387db310aecdc526ebdae"}
,"D:\\MyGitee\\class-assignments\\MVVM_Demo\\src\\InstructionParser\\Impl\\ModelInstructionParser.ts": {"path":"D:\\MyGitee\\class-assignments\\MVVM_Demo\\src\\InstructionParser\\Impl\\ModelInstructionParser.ts","statementMap":{"0":{"start":{"line":7,"column":8},"end":{"line":7,"column":40}},"1":{"start":{"line":10,"column":8},"end":{"line":13,"column":10}},"2":{"start":{"line":12,"column":12},"end":{"line":12,"column":43}},"3":{"start":{"line":16,"column":8},"end":{"line":18,"column":10}},"4":{"start":{"line":17,"column":12},"end":{"line":17,"column":33}}},"fnMap":{"0":{"name":"(anonymous_0)","decl":{"start":{"line":6,"column":4},"end":{"line":6,"column":5}},"loc":{"start":{"line":6,"column":52},"end":{"line":19,"column":5}},"line":6},"1":{"name":"(anonymous_1)","decl":{"start":{"line":10,"column":39},"end":{"line":10,"column":40}},"loc":{"start":{"line":10,"column":51},"end":{"line":13,"column":9}},"line":10},"2":{"name":"(anonymous_2)","decl":{"start":{"line":16,"column":34},"end":{"line":16,"column":35}},"loc":{"start":{"line":16,"column":68},"end":{"line":18,"column":9}},"line":16}},"branchMap":{},"s":{"0":1,"1":1,"2":1,"3":1,"4":1},"f":{"0":1,"1":1,"2":1},"b":{},"_coverageSchema":"1a1c01bbd47fc00a2c39e90264f33305004495a9","hash":"84e1e707c1a271c7792ee75ba6dce7cc9ac6ec7b"}
,"D:\\MyGitee\\class-assignments\\MVVM_Demo\\src\\InstructionParser\\Impl\\OnInstructionParser.ts": {"path":"D:\\MyGitee\\class-assignments\\MVVM_Demo\\src\\InstructionParser\\Impl\\OnInstructionParser.ts","statementMap":{"0":{"start":{"line":9,"column":19},"end":{"line":9,"column":55}},"1":{"start":{"line":10,"column":8},"end":{"line":10,"column":61}}},"fnMap":{"0":{"name":"(anonymous_0)","decl":{"start":{"line":7,"column":4},"end":{"line":7,"column":5}},"loc":{"start":{"line":7,"column":52},"end":{"line":11,"column":5}},"line":7}},"branchMap":{"0":{"loc":{"start":{"line":9,"column":19},"end":{"line":9,"column":55}},"type":"binary-expr","locations":[{"start":{"line":9,"column":19},"end":{"line":9,"column":32}},{"start":{"line":9,"column":36},"end":{"line":9,"column":55}}],"line":9}},"s":{"0":1,"1":1},"f":{"0":1},"b":{"0":[1,1]},"_coverageSchema":"1a1c01bbd47fc00a2c39e90264f33305004495a9","hash":"3e0acee88d719254862688e688dc819d7bd5ab29"}
,"D:\\MyGitee\\class-assignments\\MVVM_Demo\\src\\InstructionParser\\Impl\\TextInstructionParser.ts": {"path":"D:\\MyGitee\\class-assignments\\MVVM_Demo\\src\\InstructionParser\\Impl\\TextInstructionParser.ts","statementMap":{"0":{"start":{"line":7,"column":8},"end":{"line":7,"column":46}},"1":{"start":{"line":9,"column":8},"end":{"line":11,"column":10}},"2":{"start":{"line":10,"column":12},"end":{"line":10,"column":39}}},"fnMap":{"0":{"name":"(anonymous_0)","decl":{"start":{"line":6,"column":4},"end":{"line":6,"column":5}},"loc":{"start":{"line":6,"column":52},"end":{"line":12,"column":5}},"line":6},"1":{"name":"(anonymous_1)","decl":{"start":{"line":9,"column":34},"end":{"line":9,"column":35}},"loc":{"start":{"line":9,"column":68},"end":{"line":11,"column":9}},"line":9}},"branchMap":{},"s":{"0":3,"1":3,"2":1},"f":{"0":3,"1":1},"b":{},"_coverageSchema":"1a1c01bbd47fc00a2c39e90264f33305004495a9","hash":"c76f9a6132e9b6de984e331b2ade074622291638"}
}
