TN:
SF:src\MyCompile.ts
FN:12,(anonymous_0)
FN:33,(anonymous_1)
FN:35,(anonymous_2)
FN:57,(anonymous_3)
FN:61,(anonymous_4)
FN:94,(anonymous_5)
FN:100,(anonymous_6)
FN:103,(anonymous_7)
FN:117,(anonymous_8)
FN:132,(anonymous_9)
FN:156,(anonymous_10)
FN:160,(anonymous_11)
FN:171,(anonymous_12)
FN:180,(anonymous_13)
FN:190,(anonymous_14)
FN:198,(anonymous_15)
FN:206,(anonymous_16)
FN:214,(anonymous_17)
FNF:18
FNH:18
FNDA:14,(anonymous_0)
FNDA:3,(anonymous_1)
FNDA:4,(anonymous_2)
FNDA:10,(anonymous_3)
FNDA:9,(anonymous_4)
FNDA:4,(anonymous_5)
FNDA:8,(anonymous_6)
FNDA:4,(anonymous_7)
FNDA:3,(anonymous_8)
FNDA:1,(anonymous_9)
FNDA:1,(anonymous_10)
FNDA:2,(anonymous_11)
FNDA:14,(anonymous_12)
FNDA:9,(anonymous_13)
FNDA:9,(anonymous_14)
FNDA:8,(anonymous_15)
FNDA:1,(anonymous_16)
FNDA:2,(anonymous_17)
DA:14,14
DA:15,3
DA:17,11
DA:19,14
DA:22,14
DA:24,1
DA:26,1
DA:28,1
DA:34,3
DA:35,3
DA:39,4
DA:40,2
DA:41,2
DA:42,2
DA:47,4
DA:48,2
DA:59,10
DA:61,10
DA:64,9
DA:65,9
DA:68,9
DA:69,9
DA:70,9
DA:72,1
DA:74,1
DA:75,8
DA:77,2
DA:79,2
DA:82,6
DA:85,9
DA:96,4
DA:99,4
DA:101,8
DA:104,4
DA:110,4
DA:112,4
DA:115,3
DA:117,3
DA:118,3
DA:121,3
DA:124,3
DA:125,3
DA:126,3
DA:127,3
DA:129,3
DA:132,3
DA:133,1
DA:134,1
DA:136,1
DA:138,1
DA:139,1
DA:140,1
DA:141,1
DA:143,1
DA:157,1
DA:159,1
DA:160,1
DA:161,2
DA:163,1
DA:172,14
DA:182,9
DA:183,9
DA:191,9
DA:199,8
DA:207,1
DA:215,2
LF:66
LH:66
BRDA:14,0,0,3
BRDA:14,0,1,11
BRDA:22,1,0,1
BRDA:22,1,1,13
BRDA:39,2,0,2
BRDA:39,2,1,2
BRDA:41,3,0,2
BRDA:41,3,1,0
BRDA:47,4,0,2
BRDA:47,4,1,2
BRDA:47,5,0,4
BRDA:47,5,1,4
BRDA:68,6,0,9
BRDA:68,6,1,0
BRDA:70,7,0,1
BRDA:70,7,1,8
BRDA:75,8,0,2
BRDA:75,8,1,6
BRDA:112,9,0,3
BRDA:112,9,1,1
BRDA:125,10,0,6
BRDA:125,10,1,3
BRDA:139,11,0,2
BRDA:139,11,1,1
BRF:24
BRH:22
end_of_record
TN:
SF:src\MyMVVM.ts
FN:15,(anonymous_0)
FN:36,(anonymous_1)
FN:37,(anonymous_2)
FN:41,(anonymous_3)
FN:44,(anonymous_4)
FN:57,(anonymous_5)
FNF:6
FNH:5
FNDA:14,(anonymous_0)
FNDA:3,(anonymous_1)
FNDA:3,(anonymous_2)
FNDA:1,(anonymous_3)
FNDA:2,(anonymous_4)
FNDA:0,(anonymous_5)
DA:17,14
DA:18,14
DA:19,14
DA:21,14
DA:23,3
DA:25,3
DA:29,14
DA:31,3
DA:37,3
DA:38,3
DA:42,1
DA:45,2
DA:46,1
DA:54,4
DA:57,0
LF:15
LH:14
BRDA:21,0,0,3
BRDA:21,0,1,11
BRDA:29,1,0,3
BRDA:29,1,1,11
BRDA:45,2,0,1
BRDA:45,2,1,1
BRF:6
BRH:6
end_of_record
TN:
SF:src\MyObserver.ts
FN:12,(anonymous_0)
FN:19,(anonymous_1)
FN:26,(anonymous_2)
FN:34,(anonymous_3)
FN:43,(anonymous_4)
FN:48,(anonymous_5)
FNF:6
FNH:6
FNDA:9,(anonymous_0)
FNDA:31,(anonymous_1)
FNDA:13,(anonymous_2)
FNDA:13,(anonymous_3)
FNDA:85,(anonymous_4)
FNDA:9,(anonymous_5)
DA:13,9
DA:15,9
DA:21,31
DA:22,20
DA:26,11
DA:27,13
DA:29,13
DA:36,13
DA:38,13
DA:40,13
DA:45,85
DA:46,85
DA:49,9
DA:53,9
DA:56,9
LF:15
LH:15
BRDA:21,0,0,20
BRDA:21,0,1,11
BRDA:21,1,0,31
BRDA:21,1,1,31
BRDA:45,2,0,85
BRDA:45,2,1,10
BRF:6
BRH:6
end_of_record
TN:
SF:src\MyWatcher.ts
FN:18,(anonymous_0)
FN:38,(anonymous_1)
FN:60,(anonymous_2)
FN:66,(anonymous_3)
FN:71,(anonymous_4)
FN:73,(anonymous_5)
FNF:6
FNH:6
FNDA:11,(anonymous_0)
FNDA:10,(anonymous_1)
FNDA:13,(anonymous_2)
FNDA:10,(anonymous_3)
FNDA:9,(anonymous_4)
FNDA:10,(anonymous_5)
DA:19,11
DA:20,11
DA:21,11
DA:24,11
DA:29,11
DA:33,11
DA:40,10
DA:41,10
DA:43,10
DA:44,5
DA:48,10
DA:62,13
DA:67,10
DA:73,9
DA:74,10
LF:15
LH:15
BRDA:43,0,0,5
BRDA:43,0,1,5
BRF:2
BRH:2
end_of_record
TN:
SF:src\util.ts
FN:6,getData
FN:27,setData
FN:31,(anonymous_2)
FNF:3
FNH:3
FNDA:35,getData
FNDA:3,setData
FNDA:5,(anonymous_2)
DA:9,35
DA:10,35
DA:11,35
DA:12,38
DA:13,1
DA:15,37
DA:17,34
DA:28,3
DA:29,3
DA:31,3
DA:32,5
DA:33,2
DA:36,3
LF:13
LH:13
BRDA:12,0,0,1
BRDA:12,0,1,37
BRDA:32,1,0,2
BRDA:32,1,1,3
BRF:4
BRH:4
end_of_record
TN:
SF:src\InstructionParser\InstructionParserFactory.ts
FN:15,(anonymous_0)
FNF:1
FNH:1
FNDA:9,(anonymous_0)
DA:16,9
DA:18,3
DA:20,2
DA:22,1
DA:24,1
DA:26,2
LF:6
LH:6
BRDA:16,0,0,3
BRDA:16,0,1,2
BRDA:16,0,2,1
BRDA:16,0,3,1
BRDA:16,0,4,2
BRF:5
BRH:5
end_of_record
TN:
SF:src\InstructionParser\Impl\BindInstructionParser.ts
FN:9,(anonymous_0)
FN:15,(anonymous_1)
FNF:2
FNH:2
FNDA:2,(anonymous_0)
FNDA:1,(anonymous_1)
DA:10,2
DA:12,2
DA:15,2
DA:16,1
LF:4
LH:4
BRF:0
BRH:0
end_of_record
TN:
SF:src\InstructionParser\Impl\HtmlInstructionParser.ts
FN:6,(anonymous_0)
FN:9,(anonymous_1)
FNF:2
FNH:2
FNDA:2,(anonymous_0)
FNDA:1,(anonymous_1)
DA:7,2
DA:9,2
DA:10,1
LF:3
LH:3
BRF:0
BRH:0
end_of_record
TN:
SF:src\InstructionParser\Impl\ModelInstructionParser.ts
FN:6,(anonymous_0)
FN:10,(anonymous_1)
FN:16,(anonymous_2)
FNF:3
FNH:3
FNDA:1,(anonymous_0)
FNDA:1,(anonymous_1)
FNDA:1,(anonymous_2)
DA:7,1
DA:10,1
DA:12,1
DA:16,1
DA:17,1
LF:5
LH:5
BRF:0
BRH:0
end_of_record
TN:
SF:src\InstructionParser\Impl\OnInstructionParser.ts
FN:7,(anonymous_0)
FNF:1
FNH:1
FNDA:1,(anonymous_0)
DA:9,1
DA:10,1
LF:2
LH:2
BRDA:9,0,0,1
BRDA:9,0,1,1
BRF:2
BRH:2
end_of_record
TN:
SF:src\InstructionParser\Impl\TextInstructionParser.ts
FN:6,(anonymous_0)
FN:9,(anonymous_1)
FNF:2
FNH:2
FNDA:3,(anonymous_0)
FNDA:1,(anonymous_1)
DA:7,3
DA:9,3
DA:10,1
LF:3
LH:3
BRF:0
BRH:0
end_of_record
